Base path: E:/unity/unityinstall/Editor/Data
Cmd: initializeCompiler
Cmd: disassembleShader
  api=4 insize=1550 outsize=2835 ok=1
Cmd: disassembleShader
  api=4 insize=1930 outsize=3319 ok=1
Cmd: disassembleShader
  api=4 insize=2542 outsize=4149 ok=1
Cmd: disassembleShader
  api=4 insize=2718 outsize=4430 ok=1
Cmd: compileSnippet
  api=4 type=0 insize=1468 outsize=1550 kw=DIRECTIONAL _ALPHABLEND_ON pd=UNITY_ENABLE_REFLECTION_BUFFERS UNITY_USE_DITHER_MASK_FOR_ALPHABLENDED_SHADOWS UNITY_PBS_USE_BRDF1 UNITY_SPECCUBE_BOX_PROJECTION UNITY_SPECCUBE_BLENDING UNITY_ENABLE_DETAIL_NORMALMAP SHADER_API_DESKTOP UNITY_LIGHT_PROBE_PROXY_VOLUME UNITY_LIGHTMAP_RGBM_ENCODING ok=1
Cmd: disassembleShader
  api=4 insize=1550 outsize=2835 ok=1
Cmd: disassembleShader
  api=4 insize=5698 outsize=7994 ok=1
Cmd: disassembleShader
  api=4 insize=7270 outsize=10255 ok=1
Cmd: disassembleShader
  api=4 insize=5742 outsize=8035 ok=1
Cmd: disassembleShader
  api=4 insize=1602 outsize=2933 ok=1
